0 info it worked if it ends with ok
1 verbose cli [ '/usr/local/bin/node', '/usr/local/bin/npm', 'start' ]
2 info using npm@1.1.66
3 info using node@v0.8.15
4 verbose read json /Users/sgouris/thorax/project1/tvfinder/package.json
5 verbose run-script [ 'prestart', 'start', 'poststart' ]
6 info prestart Application@0.0.1
7 info start Application@0.0.1
8 verbose unsafe-perm in lifecycle true
9 silly exec sh "-c" "./node_modules/grunt-cli/bin/grunt"
10 silly sh,-c,./node_modules/grunt-cli/bin/grunt,/Users/sgouris/thorax/project1/tvfinder spawning
11 info Application@0.0.1 Failed to exec start script
12 error Application@0.0.1 start: `./node_modules/grunt-cli/bin/grunt`
12 error `sh "-c" "./node_modules/grunt-cli/bin/grunt"` failed with 3
13 error Failed at the Application@0.0.1 start script.
13 error This is most likely a problem with the Application package,
13 error not with npm itself.
13 error Tell the author that this fails on your system:
13 error     ./node_modules/grunt-cli/bin/grunt
13 error You can get their info via:
13 error     npm owner ls Application
13 error There is likely additional logging output above.
14 error System Darwin 10.8.0
15 error command "/usr/local/bin/node" "/usr/local/bin/npm" "start"
16 error cwd /Users/sgouris/thorax/project1/tvfinder
17 error node -v v0.8.15
18 error npm -v 1.1.66
19 error code ELIFECYCLE
20 verbose exit [ 1, true ]
